<?xml version="1.0" encoding="UTF-8"?>
<!-- Generated by org.testng.reporters.JUnitXMLReporter -->
<testsuite hostname="DESKTOP-Q65AA39" ignored="0" name="Test" tests="6" failures="1" timestamp="2022-06-07T17:42:00 IST" time="30.24" errors="0">
  <testcase name="login" time="9.251" classname="Test_class.runner_Class"/>
  <testcase name="login" time="5.028" classname="Test_class.runner_Class"/>
  <testcase name="login" time="3.623" classname="Test_class.runner_Class"/>
  <testcase name="login" time="3.507" classname="Test_class.runner_Class"/>
  <testcase name="login" time="4.279" classname="Test_class.runner_Class"/>
  <testcase name="login" time="2.62" classname="Test_class.runner_Class">
    <failure type="java.lang.IllegalArgumentException" message="Keys to send should be a not null CharSequence">
      <![CDATA[java.lang.IllegalArgumentException: Keys to send should be a not null CharSequence
at org.openqa.selenium.remote.RemoteWebElement.sendKeys(RemoteWebElement.java:97)
at org.openqa.selenium.support.pagefactory.internal.LocatingElementHandler.invoke(LocatingElementHandler.java:51)
at com.sun.proxy.$Proxy8.sendKeys(Unknown Source)
at base_Class.base_Class.sendKeys(base_Class.java:87)
at Test_class.runner_Class.login(runner_Class.java:29)
at java.util.ArrayList.forEach(Unknown Source)
... Removed 31 stack frames]]>
    </failure>
  </testcase> <!-- login -->
</testsuite> <!-- Test -->
