<?xml version="1.0" encoding="UTF-8"?>
<testng-results skipped="0" failed="0" ignored="0" total="1" passed="1">
  <reporter-output>
  </reporter-output>
  <suite name="Suite" duration-ms="12795" started-at="2022-06-06T13:15:49 IST" finished-at="2022-06-06T13:16:02 IST">
    <groups>
    </groups>
    <test name="Test" duration-ms="12795" started-at="2022-06-06T13:15:49 IST" finished-at="2022-06-06T13:16:02 IST">
      <class name="Test_class.runner_Class">
        <test-method status="PASS" signature="login(java.lang.String)[pri:0, instance:Test_class.runner_Class@655ef322]" name="login" duration-ms="12627" started-at="2022-06-06T13:15:49 IST" finished-at="2022-06-06T13:16:02 IST">
          <params>
            <param index="0">
              <value>
                <![CDATA[https://opensource-demo.orangehrmlive.com/]]>
              </value>
            </param>
          </params>
          <reporter-output>
          </reporter-output>
        </test-method> <!-- login -->
      </class> <!-- Test_class.runner_Class -->
    </test> <!-- Test -->
  </suite> <!-- Suite -->
</testng-results>
